node.exe : 2025-08-28T02:27:59.783Z vite:config bundled config file loaded in 31.88ms
At line:1 char:1
+ & "C:\Program Files\nodejs/node.exe" "C:\Users\User\AppData\Roaming\n ...
+ ~~~~~~~~~~~~~~~~~~~~~~~~~~~~~~~~~~~~~~~~~~~~~~~~~~~~~~~~~~~~~~~~~~~~~
    + CategoryInfo          : NotSpecified: (2025-08-28T02:2...aded in 31.88ms:String) [], RemoteExc 
   eption
    + FullyQualifiedErrorId : NativeCommandError
 
2025-08-28T02:27:59.789Z vite:config using resolved config: {
  plugins: [
    'vite:optimized-deps',
    'vite:watch-package-data',
    'vite:pre-alias',
    'alias',
    'vite:react-babel',
    'vite:react-refresh',
    'vite:modulepreload-polyfill',
    'vite:resolve',
    'vite:html-inline-proxy',
    'vite:css',
    'vite:esbuild',
    'vite:json',
    'vite:wasm-helper',
    'vite:worker',
    'vite:asset',
    'vite:wasm-fallback',
    'vite:define',
    'vite:css-post',
    'vite:worker-import-meta-url',
    'vite:asset-import-meta-url',
    'vite:dynamic-import-vars',
    'vite:import-glob',
    'vite:client-inject',
    'vite:css-analysis',
    'vite:import-analysis'
  ],
  optimizeDeps: {
    holdUntilCrawlEnd: true,
    exclude: [ 'lucide-react' ],
    esbuildOptions: { preserveSymlinks: false, jsx: 'automatic' },
    include: [
      'react',
      'react-dom',
      'react/jsx-dev-runtime',
      'react/jsx-runtime'
    ]
  },
  server: {
    preTransformRequests: true,
    host: undefined,
    sourcemapIgnoreList: [Function: isInNodeModules$1],
    middlewareMode: false,
    fs: {
      strict: true,
      allow: [Array],
      deny: [Array],
      cachedChecks: undefined
    }
  },
  esbuild: { jsxDev: true, jsx: 'automatic', jsxImportSource: undefined },
  build: {
    target: [ 'es2020', 'edge88', 'firefox78', 'chrome87', 'safari14' ],
    cssTarget: [ 'es2020', 'edge88', 'firefox78', 'chrome87', 'safari14' ],
    outDir: 'dist',
    assetsDir: 'assets',
    assetsInlineLimit: 4096,
    cssCodeSplit: true,
    sourcemap: false,
    rollupOptions: { onwarn: [Function: onwarn] },
    minify: 'esbuild',
    terserOptions: {},
    write: true,
    emptyOutDir: null,
    copyPublicDir: true,
    manifest: false,
    lib: false,
    ssr: false,
    ssrManifest: false,
    ssrEmitAssets: false,
    reportCompressedSize: true,
    chunkSizeWarningLimit: 500,
    watch: null,
    commonjsOptions: { include: [Array], extensions: [Array] },
    dynamicImportVarsOptions: { warnOnError: true, exclude: [Array] },
    modulePreload: { polyfill: true },
    cssMinify: true
  },
  resolve: {
    mainFields: [ 'browser', 'module', 'jsnext:main', 'jsnext' ],
    conditions: [],
    extensions: [
      '.mjs',  '.js',
      '.mts',  '.ts',
      '.jsx',  '.tsx',
      '.json'
    ],
    dedupe: [ 'react', 'react-dom' ],
    preserveSymlinks: false,
    alias: [ [Object], [Object] ]
  },
  configFile: 'D:/anniversary-special/vite.config.ts',
  configFileDependencies: [ 'D:/anniversary-special/vite.config.ts' ],
  inlineConfig: {
    root: undefined,
    base: undefined,
    mode: undefined,
    configFile: undefined,
    logLevel: undefined,
    clearScreen: undefined,
    optimizeDeps: { force: undefined },
    server: { host: undefined }
  },
  root: 'D:/anniversary-special',
  base: '/',
  decodedBase: '/',
  rawBase: '/',
  publicDir: 'D:/anniversary-special/public',
  cacheDir: 'D:/anniversary-special/node_modules/.vite',
  command: 'serve',
  mode: 'development',
  ssr: {
    target: 'node',
    optimizeDeps: { noDiscovery: true, esbuildOptions: [Object] }
  },
  isWorker: false,
  mainConfig: null,
  bundleChain: [],
  isProduction: false,
  css: { lightningcss: undefined },
  preview: {
    port: undefined,
    strictPort: undefined,
    host: undefined,
    allowedHosts: undefined,
    https: undefined,
    open: undefined,
    proxy: undefined,
    cors: undefined,
    headers: undefined
  },
  envDir: 'D:/anniversary-special',
  env: { BASE_URL: '/', MODE: 'development', DEV: true, PROD: false },
  assetsInclude: [Function: assetsInclude],
  logger: {
    hasWarned: false,
    info: [Function: info],
    warn: [Function: warn],
    warnOnce: [Function: warnOnce],
    error: [Function: error],
    clearScreen: [Function: clearScreen],
    hasErrorLogged: [Function: hasErrorLogged]
  },
  packageCache: Map(1) {
    'fnpd_D:/anniversary-special' => {
      dir: 'D:/anniversary-special',
      data: [Object],
      hasSideEffects: [Function: hasSideEffects],
      webResolvedImports: {},
      nodeResolvedImports: {},
      setResolvedCache: [Function: setResolvedCache],
      getResolvedCache: [Function: getResolvedCache]
    },
    set: [Function (anonymous)]
  },
  createResolver: [Function: createResolver],
  worker: { format: 'iife', plugins: '() => plugins', rollupOptions: {} },
  appType: 'spa',
  experimental: { importGlobRestoreExtension: false, hmrPartialAccept: false },
  webSocketToken: 'wrX-wvA1Q0cg',
  additionalAllowedHosts: [],
  getSortedPlugins: [Function: getSortedPlugins],
  getSortedPluginHooks: [Function: getSortedPluginHooks]
}
2025-08-28T02:27:59.810Z vite:deps Hash is consistent. Skipping. Use --force to override.

  [32m[1mVITE[22m v5.4.19[39m  [2mready in [0m[1m140[22m[2m[0m ms[22m

  [32mΓ₧£[39m  [1mLocal[22m:   [36mhttp://localhost:[1m5173[22m/[39m
[2m  [32mΓ₧£[39m  [1mNetwork[22m[2m: use [22m[1m--host[22m[2m to expose[22m
[2m[32m  Γ₧£[39m[22m[2m  press [22m[1mh + enter[22m[2m to show help[22m
